<?xml version="1.0" encoding="UTF-8"?>
<testExecutions version="1">
  <file path="/home/anilkd/Desktop/minet-master 1/minet-master/minet/src/Components/Pages/Sell/Sell.test.tsx">
    <testCase name="check if buy crypto button is there" duration="2161"/>
    <testCase name="check if it is button" duration="1628"/>
    <testCase name="check which button is it" duration="1133"/>
    <testCase name="check if it is item" duration="1121"/>
    <testCase name="check if Bitcoin amount is displayed" duration="281"/>
    <testCase name="check if it is an image" duration="927"/>
    <testCase name="when clicked on buy, sell should disappear" duration="1389"/>
    <testCase name="check if crypto button is there" duration="364"/>
    <testCase name="when clicked on Sell now, buy should disappear" duration="1292"/>
  </file>
  <file path="/home/anilkd/Desktop/minet-master 1/minet-master/minet/src/Components/Pages/Purchase/Purchase.test.tsx">
    <testCase name="check if buy crypto button is there" duration="2341"/>
    <testCase name="check if it is button" duration="1734"/>
    <testCase name="check if it is button" duration="1346"/>
    <testCase name="check if it is item" duration="820"/>
    <testCase name="check if Bitcoin amount is displayed" duration="340"/>
    <testCase name="check if it is item" duration="940"/>
    <testCase name="when clicked on buy, sell should disappear" duration="1963"/>
    <testCase name="when clicked on sell, buy should disappear" duration="1401"/>
    <testCase name="when clicked on Buy now, buy should disappear" duration="1148"/>
  </file>
  <file path="/home/anilkd/Desktop/minet-master 1/minet-master/minet/src/Components/Molecules/ActiveCoin/ActiveCoin.test.tsx">
    <testCase name="renders the mentioned title" duration="552"/>
    <testCase name="renders the mentioned text" duration="178"/>
    <testCase name="renders the mentioned button" duration="766"/>
    <testCase name="renders the mentioned bitcoin button" duration="357"/>
    <testCase name="renders the mentioned XRP button" duration="423"/>
    <testCase name="renders the mentioned dogecoin button" duration="378"/>
    <testCase name="renders the mentioned tether button" duration="371"/>
    <testCase name="renders the mentioned Ethereum button" duration="403"/>
    <testCase name="renders the mentioned polkadot button" duration="462"/>
  </file>
  <file path="/home/anilkd/Desktop/minet-master 1/minet-master/minet/src/Components/Templates/Base/Template.test.tsx">
    <testCase name="should Display Navbar" duration="1300"/>
    <testCase name="should Display at header" duration="447"/>
    <testCase name="it renders Images" duration="155"/>
    <testCase name="when clicked on buy, sell should disappear" duration="510"/>
    <testCase name="when clicked on sell, buy should disappear" duration="390"/>
    <testCase name="it renders stock Icons in template" duration="151"/>
    <testCase name="it renders portfolio Icons in template" duration="132"/>
    <testCase name="it renders trade Icons in template" duration="154"/>
  </file>
  <file path="/home/anilkd/Desktop/minet-master 1/minet-master/minet/src/Components/Organisms/Nav-Bars/Nav.test.tsx">
    <testCase name="it renders Images" duration="144"/>
    <testCase name="it renders Icons" duration="50"/>
    <testCase name="it renders dashboard Icons" duration="25"/>
    <testCase name="it renders notification Icons" duration="24"/>
    <testCase name="it renders logout Icons" duration="18"/>
    <testCase name="it renders stock Icons" duration="7"/>
    <testCase name="it renders portfolio Icons" duration="8"/>
    <testCase name="it renders trade Icons" duration="16"/>
  </file>
  <file path="/home/anilkd/Desktop/minet-master 1/minet-master/minet/src/Components/Atoms/Icons/Icon.test.tsx">
    <testCase name="it should render passed icon" duration="130"/>
    <testCase name="it should render delivery passed icon" duration="8"/>
    <testCase name="it should render expanded passed icon" duration="23"/>
    <testCase name="it should render edit passed icon" duration="13"/>
    <testCase name="it should render pie Chart passed icon" duration="29"/>
  </file>
  <file path="/home/anilkd/Desktop/minet-master 1/minet-master/minet/src/Components/Pages/paymentSuccessScreen/Buy.test.tsx">
    <testCase name="check if it is button" duration="1261"/>
    <testCase name="check if buy crypto button is there" duration="1101"/>
    <testCase name="check if go to usd coin button is there" duration="651"/>
    <testCase name="check if Success text is displayed" duration="191"/>
    <testCase name="check if Success image is rendered" duration="545"/>
    <testCase name="check if Bitcoin amount is displayed" duration="273"/>
  </file>
  <file path="/home/anilkd/Desktop/minet-master 1/minet-master/minet/src/Components/Pages/sellSuccessScreen/Wallet.test.tsx">
    <testCase name="check if it is button" duration="1634"/>
    <testCase name="check if buy crypto button is there" duration="661"/>
    <testCase name="check if go to usd coin button is there" duration="1269"/>
    <testCase name="check if it is item" duration="665"/>
    <testCase name="check if it is text" duration="153"/>
    <testCase name="check if Bitcoin amount is displayed" duration="131"/>
  </file>
  <file path="/home/anilkd/Desktop/minet-master 1/minet-master/minet/src/Components/Molecules/CryptoList/CryptoList.test.tsx">
    <testCase name="renders the mentioned bitcoin" duration="210"/>
    <testCase name="renders the mentioned Ethereum" duration="81"/>
    <testCase name="renders the mentioned XRP" duration="115"/>
    <testCase name="renders the mentioned Ethereum2" duration="63"/>
    <testCase name="renders the mentioned tether" duration="69"/>
    <testCase name="renders the mentioned polkadot" duration="123"/>
    <testCase name="renders the mentioned dogecoin" duration="67"/>
  </file>
  <file path="/home/anilkd/Desktop/minet-master 1/minet-master/minet/src/Components/Organisms/Header/Header.test.tsx">
    <testCase name="should Display Navbar" duration="371"/>
    <testCase name="should not Display Navbar" duration="129"/>
    <testCase name="when clicked on buy, sell should disappear" duration="159"/>
    <testCase name="when clicked on sell, buy should disappear" duration="228"/>
  </file>
  <file path="/home/anilkd/Desktop/minet-master 1/minet-master/minet/src/Components/Organisms/Countables/Countables.test.tsx">
    <testCase name="renders the text which is useful" duration="317"/>
    <testCase name="renders text which is useful" duration="91"/>
    <testCase name="renders the text  is useful" duration="79"/>
    <testCase name="renders which coin is useful" duration="126"/>
    <testCase name="renders the value is useful" duration="80"/>
  </file>
  <file path="/home/anilkd/Desktop/minet-master 1/minet-master/minet/src/Components/Organisms/Summary/OrderSummery.test.tsx">
    <testCase name="check if it is present" duration="337"/>
    <testCase name="check if it is button" duration="139"/>
    <testCase name="check if it is not present" duration="61"/>
  </file>
  <file path="/home/anilkd/Desktop/minet-master 1/minet-master/minet/src/Components/Molecules/Deposit/deposit.test.tsx">
    <testCase name="renders the mentioned title" duration="123"/>
    <testCase name="renders the mentioned text" duration="33"/>
    <testCase name="renders the text" duration="31"/>
    <testCase name="renders the image" duration="20"/>
  </file>
  <file path="/home/anilkd/Desktop/minet-master 1/minet-master/minet/src/Components/Molecules/Cards/Cards.test.tsx">
    <testCase name="Check the values in the card" duration="218"/>
  </file>
  <file path="/home/anilkd/Desktop/minet-master 1/minet-master/minet/src/Components/Atoms/Image/Images.test.tsx">
    <testCase name="it renders Images" duration="115"/>
  </file>
  <file path="/home/anilkd/Desktop/minet-master 1/minet-master/minet/src/Components/Organisms/AmountDetails/Amount.test.tsx">
    <testCase name="renders the text which is useful" duration="230"/>
    <testCase name="renders the text which is similar" duration="112"/>
  </file>
  <file path="/home/anilkd/Desktop/minet-master 1/minet-master/minet/src/Components/Organisms/ActiveTransaction/ActiveTransaction.test.tsx">
    <testCase name="renders the content" duration="373"/>
    <testCase name="renders the text" duration="152"/>
    <testCase name="renders the title" duration="131"/>
  </file>
  <file path="/home/anilkd/Desktop/minet-master 1/minet-master/minet/src/Components/Molecules/reacentTransaction/recentTransaction.test.tsx">
    <testCase name="renders the text" duration="158"/>
    <testCase name="renders the given text" duration="34"/>
    <testCase name="renders the texts" duration="43"/>
  </file>
  <file path="/home/anilkd/Desktop/minet-master 1/minet-master/minet/src/Components/Organisms/Footer/Footer.test.tsx">
    <testCase name="check if it is present" duration="512"/>
    <testCase name="check if it is button" duration="306"/>
    <testCase name="check if it is text" duration="122"/>
  </file>
  <file path="/home/anilkd/Desktop/minet-master 1/minet-master/minet/src/Components/Molecules/myWallet/myWallet.test.tsx">
    <testCase name="renders the text" duration="168"/>
    <testCase name="renders the value" duration="22"/>
    <testCase name="renders the properties given" duration="17"/>
  </file>
  <file path="/home/anilkd/Desktop/minet-master 1/minet-master/minet/src/Components/Organisms/gridCard/gridCard.test.tsx">
    <testCase name="check if it is present" duration="149"/>
  </file>
  <file path="/home/anilkd/Desktop/minet-master 1/minet-master/minet/src/Components/Atoms/Button/Buttons.test.tsx">
    <testCase name="it renders Button" duration="197"/>
  </file>
  <file path="/home/anilkd/Desktop/minet-master 1/minet-master/minet/src/Components/Atoms/Typography/Typography.test.tsx">
    <testCase name="renders Text passed from prop" duration="55"/>
  </file>
  <file path="/home/anilkd/Desktop/minet-master 1/minet-master/minet/src/Components/Molecules/CurrencyCard/CurrencyCard.test.tsx">
    <testCase name="renders the mentioned currency" duration="293"/>
  </file>
  <file path="/home/anilkd/Desktop/minet-master 1/minet-master/minet/src/Components/Molecules/paymentMethod/PaymentMethod.test.tsx">
    <testCase name="renders the text" duration="75"/>
  </file>
  <file path="/home/anilkd/Desktop/minet-master 1/minet-master/minet/src/App.test.tsx">
    <testCase name="renders learn react link" duration="908"/>
  </file>
  <file path="/home/anilkd/Desktop/minet-master 1/minet-master/minet/src/Components/Atoms/Logo/Logo.test.tsx">
    <testCase name="should render Logo" duration="112"/>
  </file>
  <file path="/home/anilkd/Desktop/minet-master 1/minet-master/minet/src/Components/Molecules/dropDown/DropDown.test.tsx">
    <testCase name="renders the text" duration="551"/>
  </file>
  <file path="/home/anilkd/Desktop/minet-master 1/minet-master/minet/src/Components/Atoms/Avatar/Avatar.test.tsx">
    <testCase name="renders the avatar" duration="98"/>
  </file>
  <file path="/home/anilkd/Desktop/minet-master 1/minet-master/minet/src/Components/Molecules/TotalBalance/Balance.test.tsx">
    <testCase name="renders the text" duration="100"/>
  </file>
  <file path="/home/anilkd/Desktop/minet-master 1/minet-master/minet/src/Components/Molecules/Editor/Editor.test.tsx">
    <testCase name="renders the icons" duration="140"/>
  </file>
  <file path="/home/anilkd/Desktop/minet-master 1/minet-master/minet/src/Components/Molecules/Profile/Profile.test.tsx">
    <testCase name="renders the avatar" duration="104"/>
  </file>
</testExecutions>